<?xml version="1.0" encoding="UTF-8"?>
<testsuite xmlns:xsi="http://www.w3.org/2001/XMLSchema-instance" xsi:noNamespaceSchemaLocation="https://maven.apache.org/surefire/maven-surefire-plugin/xsd/surefire-test-report-3.0.xsd" version="3.0" name="demo.SpringLibertyApplicationTests" time="1.313" tests="1" errors="0" skipped="0" failures="0">
  <properties>
    <property name="java.specification.version" value="21"/>
    <property name="sun.jnu.encoding" value="UTF-8"/>
    <property name="java.class.path" value="/Users/grvuolo/Library/CloudStorage/Box-Box/Lab/liberty/spring-liberty/target/test-classes:/Users/grvuolo/Library/CloudStorage/Box-Box/Lab/liberty/spring-liberty/target/classes:/Users/grvuolo/.m2/repository/org/springframework/boot/spring-boot-starter-web/3.3.0-SNAPSHOT/spring-boot-starter-web-3.3.0-SNAPSHOT.jar:/Users/grvuolo/.m2/repository/org/springframework/boot/spring-boot-starter/3.3.0-SNAPSHOT/spring-boot-starter-3.3.0-SNAPSHOT.jar:/Users/grvuolo/.m2/repository/org/springframework/boot/spring-boot/3.3.0-SNAPSHOT/spring-boot-3.3.0-SNAPSHOT.jar:/Users/grvuolo/.m2/repository/org/springframework/boot/spring-boot-autoconfigure/3.3.0-SNAPSHOT/spring-boot-autoconfigure-3.3.0-SNAPSHOT.jar:/Users/grvuolo/.m2/repository/org/springframework/boot/spring-boot-starter-logging/3.3.0-SNAPSHOT/spring-boot-starter-logging-3.3.0-SNAPSHOT.jar:/Users/grvuolo/.m2/repository/ch/qos/logback/logback-classic/1.5.6/logback-classic-1.5.6.jar:/Users/grvuolo/.m2/repository/ch/qos/logback/logback-core/1.5.6/logback-core-1.5.6.jar:/Users/grvuolo/.m2/repository/org/apache/logging/log4j/log4j-to-slf4j/2.23.1/log4j-to-slf4j-2.23.1.jar:/Users/grvuolo/.m2/repository/org/apache/logging/log4j/log4j-api/2.23.1/log4j-api-2.23.1.jar:/Users/grvuolo/.m2/repository/org/slf4j/jul-to-slf4j/2.0.13/jul-to-slf4j-2.0.13.jar:/Users/grvuolo/.m2/repository/org/yaml/snakeyaml/2.2/snakeyaml-2.2.jar:/Users/grvuolo/.m2/repository/org/springframework/boot/spring-boot-starter-json/3.3.0-SNAPSHOT/spring-boot-starter-json-3.3.0-SNAPSHOT.jar:/Users/grvuolo/.m2/repository/com/fasterxml/jackson/core/jackson-databind/2.17.1/jackson-databind-2.17.1.jar:/Users/grvuolo/.m2/repository/com/fasterxml/jackson/core/jackson-annotations/2.17.1/jackson-annotations-2.17.1.jar:/Users/grvuolo/.m2/repository/com/fasterxml/jackson/core/jackson-core/2.17.1/jackson-core-2.17.1.jar:/Users/grvuolo/.m2/repository/com/fasterxml/jackson/datatype/jackson-datatype-jdk8/2.17.1/jackson-datatype-jdk8-2.17.1.jar:/Users/grvuolo/.m2/repository/com/fasterxml/jackson/datatype/jackson-datatype-jsr310/2.17.1/jackson-datatype-jsr310-2.17.1.jar:/Users/grvuolo/.m2/repository/com/fasterxml/jackson/module/jackson-module-parameter-names/2.17.1/jackson-module-parameter-names-2.17.1.jar:/Users/grvuolo/.m2/repository/org/springframework/spring-web/6.1.7-SNAPSHOT/spring-web-6.1.7-SNAPSHOT.jar:/Users/grvuolo/.m2/repository/org/springframework/spring-beans/6.1.7-SNAPSHOT/spring-beans-6.1.7-SNAPSHOT.jar:/Users/grvuolo/.m2/repository/io/micrometer/micrometer-observation/1.13.0-SNAPSHOT/micrometer-observation-1.13.0-SNAPSHOT.jar:/Users/grvuolo/.m2/repository/io/micrometer/micrometer-commons/1.13.0-SNAPSHOT/micrometer-commons-1.13.0-SNAPSHOT.jar:/Users/grvuolo/.m2/repository/org/springframework/spring-webmvc/6.1.7-SNAPSHOT/spring-webmvc-6.1.7-SNAPSHOT.jar:/Users/grvuolo/.m2/repository/org/springframework/spring-aop/6.1.7-SNAPSHOT/spring-aop-6.1.7-SNAPSHOT.jar:/Users/grvuolo/.m2/repository/org/springframework/spring-context/6.1.7-SNAPSHOT/spring-context-6.1.7-SNAPSHOT.jar:/Users/grvuolo/.m2/repository/org/springframework/spring-expression/6.1.7-SNAPSHOT/spring-expression-6.1.7-SNAPSHOT.jar:/Users/grvuolo/.m2/repository/org/springframework/boot/spring-boot-starter-tomcat/3.3.0-SNAPSHOT/spring-boot-starter-tomcat-3.3.0-SNAPSHOT.jar:/Users/grvuolo/.m2/repository/jakarta/annotation/jakarta.annotation-api/2.1.1/jakarta.annotation-api-2.1.1.jar:/Users/grvuolo/.m2/repository/org/apache/tomcat/embed/tomcat-embed-core/10.1.23/tomcat-embed-core-10.1.23.jar:/Users/grvuolo/.m2/repository/org/apache/tomcat/embed/tomcat-embed-el/10.1.23/tomcat-embed-el-10.1.23.jar:/Users/grvuolo/.m2/repository/org/apache/tomcat/embed/tomcat-embed-websocket/10.1.23/tomcat-embed-websocket-10.1.23.jar:/Users/grvuolo/.m2/repository/org/springframework/boot/spring-boot-starter-test/3.3.0-SNAPSHOT/spring-boot-starter-test-3.3.0-SNAPSHOT.jar:/Users/grvuolo/.m2/repository/org/springframework/boot/spring-boot-test/3.3.0-SNAPSHOT/spring-boot-test-3.3.0-SNAPSHOT.jar:/Users/grvuolo/.m2/repository/org/springframework/boot/spring-boot-test-autoconfigure/3.3.0-SNAPSHOT/spring-boot-test-autoconfigure-3.3.0-SNAPSHOT.jar:/Users/grvuolo/.m2/repository/com/jayway/jsonpath/json-path/2.9.0/json-path-2.9.0.jar:/Users/grvuolo/.m2/repository/org/slf4j/slf4j-api/2.0.13/slf4j-api-2.0.13.jar:/Users/grvuolo/.m2/repository/jakarta/xml/bind/jakarta.xml.bind-api/4.0.2/jakarta.xml.bind-api-4.0.2.jar:/Users/grvuolo/.m2/repository/jakarta/activation/jakarta.activation-api/2.1.3/jakarta.activation-api-2.1.3.jar:/Users/grvuolo/.m2/repository/net/minidev/json-smart/2.5.1/json-smart-2.5.1.jar:/Users/grvuolo/.m2/repository/net/minidev/accessors-smart/2.5.1/accessors-smart-2.5.1.jar:/Users/grvuolo/.m2/repository/org/ow2/asm/asm/9.6/asm-9.6.jar:/Users/grvuolo/.m2/repository/org/assertj/assertj-core/3.25.3/assertj-core-3.25.3.jar:/Users/grvuolo/.m2/repository/net/bytebuddy/byte-buddy/1.14.15/byte-buddy-1.14.15.jar:/Users/grvuolo/.m2/repository/org/awaitility/awaitility/4.2.1/awaitility-4.2.1.jar:/Users/grvuolo/.m2/repository/org/hamcrest/hamcrest/2.2/hamcrest-2.2.jar:/Users/grvuolo/.m2/repository/org/junit/jupiter/junit-jupiter/5.10.2/junit-jupiter-5.10.2.jar:/Users/grvuolo/.m2/repository/org/junit/jupiter/junit-jupiter-api/5.10.2/junit-jupiter-api-5.10.2.jar:/Users/grvuolo/.m2/repository/org/opentest4j/opentest4j/1.3.0/opentest4j-1.3.0.jar:/Users/grvuolo/.m2/repository/org/junit/platform/junit-platform-commons/1.10.2/junit-platform-commons-1.10.2.jar:/Users/grvuolo/.m2/repository/org/apiguardian/apiguardian-api/1.1.2/apiguardian-api-1.1.2.jar:/Users/grvuolo/.m2/repository/org/junit/jupiter/junit-jupiter-params/5.10.2/junit-jupiter-params-5.10.2.jar:/Users/grvuolo/.m2/repository/org/junit/jupiter/junit-jupiter-engine/5.10.2/junit-jupiter-engine-5.10.2.jar:/Users/grvuolo/.m2/repository/org/junit/platform/junit-platform-engine/1.10.2/junit-platform-engine-1.10.2.jar:/Users/grvuolo/.m2/repository/org/mockito/mockito-core/5.11.0/mockito-core-5.11.0.jar:/Users/grvuolo/.m2/repository/net/bytebuddy/byte-buddy-agent/1.14.15/byte-buddy-agent-1.14.15.jar:/Users/grvuolo/.m2/repository/org/objenesis/objenesis/3.3/objenesis-3.3.jar:/Users/grvuolo/.m2/repository/org/mockito/mockito-junit-jupiter/5.11.0/mockito-junit-jupiter-5.11.0.jar:/Users/grvuolo/.m2/repository/org/skyscreamer/jsonassert/1.5.1/jsonassert-1.5.1.jar:/Users/grvuolo/.m2/repository/com/vaadin/external/google/android-json/0.0.20131108.vaadin1/android-json-0.0.20131108.vaadin1.jar:/Users/grvuolo/.m2/repository/org/springframework/spring-core/6.1.7-SNAPSHOT/spring-core-6.1.7-SNAPSHOT.jar:/Users/grvuolo/.m2/repository/org/springframework/spring-jcl/6.1.7-SNAPSHOT/spring-jcl-6.1.7-SNAPSHOT.jar:/Users/grvuolo/.m2/repository/org/springframework/spring-test/6.1.7-SNAPSHOT/spring-test-6.1.7-SNAPSHOT.jar:/Users/grvuolo/.m2/repository/org/xmlunit/xmlunit-core/2.9.1/xmlunit-core-2.9.1.jar:"/>
    <property name="java.vm.vendor" value="Eclipse Adoptium"/>
    <property name="sun.arch.data.model" value="64"/>
    <property name="java.vendor.url" value="https://adoptium.net/"/>
    <property name="user.timezone" value="Europe/Madrid"/>
    <property name="os.name" value="Mac OS X"/>
    <property name="java.vm.specification.version" value="21"/>
    <property name="sun.java.launcher" value="SUN_STANDARD"/>
    <property name="user.country" value="ES"/>
    <property name="sun.boot.library.path" value="/Library/Java/JavaVirtualMachines/temurin-21.jdk/Contents/Home/lib"/>
    <property name="sun.java.command" value="/Users/grvuolo/Library/CloudStorage/Box-Box/Lab/liberty/spring-liberty/target/surefire/surefirebooter-20240516110719625_3.jar /Users/grvuolo/Library/CloudStorage/Box-Box/Lab/liberty/spring-liberty/target/surefire 2024-05-16T11-07-16_032-jvmRun1 surefire-20240516110719625_1tmp surefire_0-20240516110719625_2tmp"/>
    <property name="jdk.debug" value="release"/>
    <property name="surefire.test.class.path" value="/Users/grvuolo/Library/CloudStorage/Box-Box/Lab/liberty/spring-liberty/target/test-classes:/Users/grvuolo/Library/CloudStorage/Box-Box/Lab/liberty/spring-liberty/target/classes:/Users/grvuolo/.m2/repository/org/springframework/boot/spring-boot-starter-web/3.3.0-SNAPSHOT/spring-boot-starter-web-3.3.0-SNAPSHOT.jar:/Users/grvuolo/.m2/repository/org/springframework/boot/spring-boot-starter/3.3.0-SNAPSHOT/spring-boot-starter-3.3.0-SNAPSHOT.jar:/Users/grvuolo/.m2/repository/org/springframework/boot/spring-boot/3.3.0-SNAPSHOT/spring-boot-3.3.0-SNAPSHOT.jar:/Users/grvuolo/.m2/repository/org/springframework/boot/spring-boot-autoconfigure/3.3.0-SNAPSHOT/spring-boot-autoconfigure-3.3.0-SNAPSHOT.jar:/Users/grvuolo/.m2/repository/org/springframework/boot/spring-boot-starter-logging/3.3.0-SNAPSHOT/spring-boot-starter-logging-3.3.0-SNAPSHOT.jar:/Users/grvuolo/.m2/repository/ch/qos/logback/logback-classic/1.5.6/logback-classic-1.5.6.jar:/Users/grvuolo/.m2/repository/ch/qos/logback/logback-core/1.5.6/logback-core-1.5.6.jar:/Users/grvuolo/.m2/repository/org/apache/logging/log4j/log4j-to-slf4j/2.23.1/log4j-to-slf4j-2.23.1.jar:/Users/grvuolo/.m2/repository/org/apache/logging/log4j/log4j-api/2.23.1/log4j-api-2.23.1.jar:/Users/grvuolo/.m2/repository/org/slf4j/jul-to-slf4j/2.0.13/jul-to-slf4j-2.0.13.jar:/Users/grvuolo/.m2/repository/org/yaml/snakeyaml/2.2/snakeyaml-2.2.jar:/Users/grvuolo/.m2/repository/org/springframework/boot/spring-boot-starter-json/3.3.0-SNAPSHOT/spring-boot-starter-json-3.3.0-SNAPSHOT.jar:/Users/grvuolo/.m2/repository/com/fasterxml/jackson/core/jackson-databind/2.17.1/jackson-databind-2.17.1.jar:/Users/grvuolo/.m2/repository/com/fasterxml/jackson/core/jackson-annotations/2.17.1/jackson-annotations-2.17.1.jar:/Users/grvuolo/.m2/repository/com/fasterxml/jackson/core/jackson-core/2.17.1/jackson-core-2.17.1.jar:/Users/grvuolo/.m2/repository/com/fasterxml/jackson/datatype/jackson-datatype-jdk8/2.17.1/jackson-datatype-jdk8-2.17.1.jar:/Users/grvuolo/.m2/repository/com/fasterxml/jackson/datatype/jackson-datatype-jsr310/2.17.1/jackson-datatype-jsr310-2.17.1.jar:/Users/grvuolo/.m2/repository/com/fasterxml/jackson/module/jackson-module-parameter-names/2.17.1/jackson-module-parameter-names-2.17.1.jar:/Users/grvuolo/.m2/repository/org/springframework/spring-web/6.1.7-SNAPSHOT/spring-web-6.1.7-SNAPSHOT.jar:/Users/grvuolo/.m2/repository/org/springframework/spring-beans/6.1.7-SNAPSHOT/spring-beans-6.1.7-SNAPSHOT.jar:/Users/grvuolo/.m2/repository/io/micrometer/micrometer-observation/1.13.0-SNAPSHOT/micrometer-observation-1.13.0-SNAPSHOT.jar:/Users/grvuolo/.m2/repository/io/micrometer/micrometer-commons/1.13.0-SNAPSHOT/micrometer-commons-1.13.0-SNAPSHOT.jar:/Users/grvuolo/.m2/repository/org/springframework/spring-webmvc/6.1.7-SNAPSHOT/spring-webmvc-6.1.7-SNAPSHOT.jar:/Users/grvuolo/.m2/repository/org/springframework/spring-aop/6.1.7-SNAPSHOT/spring-aop-6.1.7-SNAPSHOT.jar:/Users/grvuolo/.m2/repository/org/springframework/spring-context/6.1.7-SNAPSHOT/spring-context-6.1.7-SNAPSHOT.jar:/Users/grvuolo/.m2/repository/org/springframework/spring-expression/6.1.7-SNAPSHOT/spring-expression-6.1.7-SNAPSHOT.jar:/Users/grvuolo/.m2/repository/org/springframework/boot/spring-boot-starter-tomcat/3.3.0-SNAPSHOT/spring-boot-starter-tomcat-3.3.0-SNAPSHOT.jar:/Users/grvuolo/.m2/repository/jakarta/annotation/jakarta.annotation-api/2.1.1/jakarta.annotation-api-2.1.1.jar:/Users/grvuolo/.m2/repository/org/apache/tomcat/embed/tomcat-embed-core/10.1.23/tomcat-embed-core-10.1.23.jar:/Users/grvuolo/.m2/repository/org/apache/tomcat/embed/tomcat-embed-el/10.1.23/tomcat-embed-el-10.1.23.jar:/Users/grvuolo/.m2/repository/org/apache/tomcat/embed/tomcat-embed-websocket/10.1.23/tomcat-embed-websocket-10.1.23.jar:/Users/grvuolo/.m2/repository/org/springframework/boot/spring-boot-starter-test/3.3.0-SNAPSHOT/spring-boot-starter-test-3.3.0-SNAPSHOT.jar:/Users/grvuolo/.m2/repository/org/springframework/boot/spring-boot-test/3.3.0-SNAPSHOT/spring-boot-test-3.3.0-SNAPSHOT.jar:/Users/grvuolo/.m2/repository/org/springframework/boot/spring-boot-test-autoconfigure/3.3.0-SNAPSHOT/spring-boot-test-autoconfigure-3.3.0-SNAPSHOT.jar:/Users/grvuolo/.m2/repository/com/jayway/jsonpath/json-path/2.9.0/json-path-2.9.0.jar:/Users/grvuolo/.m2/repository/org/slf4j/slf4j-api/2.0.13/slf4j-api-2.0.13.jar:/Users/grvuolo/.m2/repository/jakarta/xml/bind/jakarta.xml.bind-api/4.0.2/jakarta.xml.bind-api-4.0.2.jar:/Users/grvuolo/.m2/repository/jakarta/activation/jakarta.activation-api/2.1.3/jakarta.activation-api-2.1.3.jar:/Users/grvuolo/.m2/repository/net/minidev/json-smart/2.5.1/json-smart-2.5.1.jar:/Users/grvuolo/.m2/repository/net/minidev/accessors-smart/2.5.1/accessors-smart-2.5.1.jar:/Users/grvuolo/.m2/repository/org/ow2/asm/asm/9.6/asm-9.6.jar:/Users/grvuolo/.m2/repository/org/assertj/assertj-core/3.25.3/assertj-core-3.25.3.jar:/Users/grvuolo/.m2/repository/net/bytebuddy/byte-buddy/1.14.15/byte-buddy-1.14.15.jar:/Users/grvuolo/.m2/repository/org/awaitility/awaitility/4.2.1/awaitility-4.2.1.jar:/Users/grvuolo/.m2/repository/org/hamcrest/hamcrest/2.2/hamcrest-2.2.jar:/Users/grvuolo/.m2/repository/org/junit/jupiter/junit-jupiter/5.10.2/junit-jupiter-5.10.2.jar:/Users/grvuolo/.m2/repository/org/junit/jupiter/junit-jupiter-api/5.10.2/junit-jupiter-api-5.10.2.jar:/Users/grvuolo/.m2/repository/org/opentest4j/opentest4j/1.3.0/opentest4j-1.3.0.jar:/Users/grvuolo/.m2/repository/org/junit/platform/junit-platform-commons/1.10.2/junit-platform-commons-1.10.2.jar:/Users/grvuolo/.m2/repository/org/apiguardian/apiguardian-api/1.1.2/apiguardian-api-1.1.2.jar:/Users/grvuolo/.m2/repository/org/junit/jupiter/junit-jupiter-params/5.10.2/junit-jupiter-params-5.10.2.jar:/Users/grvuolo/.m2/repository/org/junit/jupiter/junit-jupiter-engine/5.10.2/junit-jupiter-engine-5.10.2.jar:/Users/grvuolo/.m2/repository/org/junit/platform/junit-platform-engine/1.10.2/junit-platform-engine-1.10.2.jar:/Users/grvuolo/.m2/repository/org/mockito/mockito-core/5.11.0/mockito-core-5.11.0.jar:/Users/grvuolo/.m2/repository/net/bytebuddy/byte-buddy-agent/1.14.15/byte-buddy-agent-1.14.15.jar:/Users/grvuolo/.m2/repository/org/objenesis/objenesis/3.3/objenesis-3.3.jar:/Users/grvuolo/.m2/repository/org/mockito/mockito-junit-jupiter/5.11.0/mockito-junit-jupiter-5.11.0.jar:/Users/grvuolo/.m2/repository/org/skyscreamer/jsonassert/1.5.1/jsonassert-1.5.1.jar:/Users/grvuolo/.m2/repository/com/vaadin/external/google/android-json/0.0.20131108.vaadin1/android-json-0.0.20131108.vaadin1.jar:/Users/grvuolo/.m2/repository/org/springframework/spring-core/6.1.7-SNAPSHOT/spring-core-6.1.7-SNAPSHOT.jar:/Users/grvuolo/.m2/repository/org/springframework/spring-jcl/6.1.7-SNAPSHOT/spring-jcl-6.1.7-SNAPSHOT.jar:/Users/grvuolo/.m2/repository/org/springframework/spring-test/6.1.7-SNAPSHOT/spring-test-6.1.7-SNAPSHOT.jar:/Users/grvuolo/.m2/repository/org/xmlunit/xmlunit-core/2.9.1/xmlunit-core-2.9.1.jar:"/>
    <property name="sun.cpu.endian" value="little"/>
    <property name="user.home" value="/Users/grvuolo"/>
    <property name="user.language" value="en"/>
    <property name="java.specification.vendor" value="Oracle Corporation"/>
    <property name="java.version.date" value="2024-01-16"/>
    <property name="java.home" value="/Library/Java/JavaVirtualMachines/temurin-21.jdk/Contents/Home"/>
    <property name="file.separator" value="/"/>
    <property name="basedir" value="/Users/grvuolo/Library/CloudStorage/Box-Box/Lab/liberty/spring-liberty"/>
    <property name="java.vm.compressedOopsMode" value="Zero based"/>
    <property name="line.separator" value="&#10;"/>
    <property name="java.vm.specification.vendor" value="Oracle Corporation"/>
    <property name="java.specification.name" value="Java Platform API Specification"/>
    <property name="FILE_LOG_CHARSET" value="UTF-8"/>
    <property name="java.awt.headless" value="true"/>
    <property name="apple.awt.application.name" value="ForkedBooter"/>
    <property name="surefire.real.class.path" value="/Users/grvuolo/Library/CloudStorage/Box-Box/Lab/liberty/spring-liberty/target/surefire/surefirebooter-20240516110719625_3.jar"/>
    <property name="sun.management.compiler" value="HotSpot 64-Bit Tiered Compilers"/>
    <property name="java.runtime.version" value="21.0.2+13-LTS"/>
    <property name="user.name" value="grvuolo"/>
    <property name="stdout.encoding" value="UTF-8"/>
    <property name="path.separator" value=":"/>
    <property name="os.version" value="14.4.1"/>
    <property name="java.runtime.name" value="OpenJDK Runtime Environment"/>
    <property name="file.encoding" value="UTF-8"/>
    <property name="java.vm.name" value="OpenJDK 64-Bit Server VM"/>
    <property name="java.vendor.version" value="Temurin-21.0.2+13"/>
    <property name="localRepository" value="/Users/grvuolo/.m2/repository"/>
    <property name="java.vendor.url.bug" value="https://github.com/adoptium/adoptium-support/issues"/>
    <property name="java.io.tmpdir" value="/var/folders/0t/9642958j0qsc2n5qvy4834p80000gn/T/"/>
    <property name="java.version" value="21.0.2"/>
    <property name="user.dir" value="/Users/grvuolo/Library/CloudStorage/Box-Box/Lab/liberty/spring-liberty"/>
    <property name="os.arch" value="aarch64"/>
    <property name="java.vm.specification.name" value="Java Virtual Machine Specification"/>
    <property name="PID" value="30320"/>
    <property name="CONSOLE_LOG_CHARSET" value="UTF-8"/>
    <property name="native.encoding" value="UTF-8"/>
    <property name="java.library.path" value="/Users/grvuolo/Library/Java/Extensions:/Library/Java/Extensions:/Network/Library/Java/Extensions:/System/Library/Java/Extensions:/usr/lib/java:."/>
    <property name="java.vm.info" value="mixed mode"/>
    <property name="stderr.encoding" value="UTF-8"/>
    <property name="java.vendor" value="Eclipse Adoptium"/>
    <property name="java.vm.version" value="21.0.2+13-LTS"/>
    <property name="sun.io.unicode.encoding" value="UnicodeBig"/>
    <property name="java.class.version" value="65.0"/>
    <property name="LOGGED_APPLICATION_NAME" value="[spring-liberty] "/>
  </properties>
  <testcase name="contextLoads" classname="demo.SpringLibertyApplicationTests" time="0.506">
    <system-out><![CDATA[11:07:20.042 [main] INFO org.springframework.test.context.support.AnnotationConfigContextLoaderUtils -- Could not detect default configuration classes for test class [demo.SpringLibertyApplicationTests]: SpringLibertyApplicationTests does not declare any static, non-private, non-final, nested classes annotated with @Configuration.
11:07:20.098 [main] INFO org.springframework.boot.test.context.SpringBootTestContextBootstrapper -- Found @SpringBootConfiguration demo.SpringLibertyApplication for test class demo.SpringLibertyApplicationTests
  .   ____          _            __ _ _
 /\\ / ___'_ __ _ _(_)_ __  __ _ \ \ \ \
( ( )\___ | '_ | '_| | '_ \/ _` | \ \ \ \
 \\/  ___)| |_)| | | | | || (_| |  ) ) ) )
  '  |____| .__|_| |_|_| |_\__, | / / / /
 =========|_|==============|___/=/_/_/_/

 :: Spring Boot ::       (v3.3.0-SNAPSHOT)

2024-05-16T11:07:20.282+02:00  INFO 30320 --- [spring-liberty] [           main] demo.SpringLibertyApplicationTests       : Starting SpringLibertyApplicationTests using Java 21.0.2 with PID 30320 (started by grvuolo in /Users/grvuolo/Library/CloudStorage/Box-Box/Lab/liberty/spring-liberty)
2024-05-16T11:07:20.283+02:00  INFO 30320 --- [spring-liberty] [           main] demo.SpringLibertyApplicationTests       : No active profile set, falling back to 1 default profile: "default"
2024-05-16T11:07:20.745+02:00  INFO 30320 --- [spring-liberty] [           main] demo.SpringLibertyApplicationTests       : Started SpringLibertyApplicationTests in 0.581 seconds (process running for 1.065)
]]></system-out>
    <system-err><![CDATA[WARNING: A Java agent has been loaded dynamically (/Users/grvuolo/.m2/repository/net/bytebuddy/byte-buddy-agent/1.14.15/byte-buddy-agent-1.14.15.jar)
WARNING: If a serviceability tool is in use, please run with -XX:+EnableDynamicAgentLoading to hide this warning
WARNING: If a serviceability tool is not in use, please run with -Djdk.instrument.traceUsage for more information
WARNING: Dynamic loading of agents will be disallowed by default in a future release
]]></system-err>
  </testcase>
</testsuite>